0 info it worked if it ends with ok
1 verbose cli [ 'D:\\nodeJS\\node.exe',
1 verbose cli   'D:\\nodeJS\\node_modules\\cnpm\\node_modules\\npm\\bin\\npm-cli.js',
1 verbose cli   '--userconfig=C:\\Users\\Administrator\\.cnpmrc',
1 verbose cli   '--disturl=https://npm.taobao.org/mirrors/node',
1 verbose cli   '--registry=https://registry.npm.taobao.org',
1 verbose cli   'run',
1 verbose cli   'dev' ]
2 info using npm@3.10.10
3 info using node@v6.11.0
4 verbose stack Error: ENOENT: no such file or directory, open 'D:\wamp\www\JSPang-AwesomePos\package.json'
4 verbose stack     at Error (native)
5 verbose cwd D:\wamp\www\JSPang-AwesomePos
6 error Windows_NT 10.0.10586
7 error argv "D:\\nodeJS\\node.exe" "D:\\nodeJS\\node_modules\\cnpm\\node_modules\\npm\\bin\\npm-cli.js" "--userconfig=C:\\Users\\Administrator\\.cnpmrc" "--disturl=https://npm.taobao.org/mirrors/node" "--registry=https://registry.npm.taobao.org" "run" "dev"
8 error node v6.11.0
9 error npm  v3.10.10
10 error path D:\wamp\www\JSPang-AwesomePos\package.json
11 error code ENOENT
12 error errno -4058
13 error syscall open
14 error enoent ENOENT: no such file or directory, open 'D:\wamp\www\JSPang-AwesomePos\package.json'
15 error enoent ENOENT: no such file or directory, open 'D:\wamp\www\JSPang-AwesomePos\package.json'
15 error enoent This is most likely not a problem with npm itself
15 error enoent and is related to npm not being able to find a file.
16 verbose exit [ -4058, true ]
